<?xml version="1.0" encoding="UTF-8"?>
<!-- Generated by org.testng.reporters.JUnitXMLReporter -->
<testsuite hostname="Gokul" ignored="0" name="Test" tests="4" failures="4" timestamp="2020-07-21T22:42:15 BST" time="0.041" errors="0">
  <testcase name="Currency" time="0.007" classname="tests.Hostel">
    <failure type="java.lang.NullPointerException">
      <![CDATA[java.lang.NullPointerException
at tests.Hostel.Currency(Hostel.java:26)
at java.util.ArrayList.forEach(Unknown Source)
... Removed 27 stack frames]]>
    </failure>
  </testcase> <!-- Currency -->
  <testcase name="Go" time="0.001" classname="tests.Hostel">
    <failure type="java.lang.NullPointerException">
      <![CDATA[java.lang.NullPointerException
at tests.Hostel.Go(Hostel.java:11)
at java.util.ArrayList.forEach(Unknown Source)
... Removed 27 stack frames]]>
    </failure>
  </testcase> <!-- Go -->
  <testcase name="Language" time="0.001" classname="tests.Hostel">
    <failure type="java.lang.NullPointerException">
      <![CDATA[java.lang.NullPointerException
at tests.Hostel.Language(Hostel.java:21)
at java.util.ArrayList.forEach(Unknown Source)
... Removed 27 stack frames]]>
    </failure>
  </testcase> <!-- Language -->
  <testcase name="Login" time="0.001" classname="tests.Hostel">
    <failure type="java.lang.NullPointerException">
      <![CDATA[java.lang.NullPointerException
at tests.Hostel.Login(Hostel.java:16)
at java.util.ArrayList.forEach(Unknown Source)
... Removed 27 stack frames]]>
    </failure>
  </testcase> <!-- Login -->
</testsuite> <!-- Test -->
